\o Program:		@(#)$CDS: libManager.exe version Exp 01/19/2010 20:09 (ocelot-linux) $
\o Sub version:		sub-version none
\o Arguments:		-mpssession icfb7287 -mpshost ecegrid-thin4.ecn.purdue.edu 
\o Working Directory:	ecegrid-thin4.ecn.purdue.edu:/home/ecegrid/a/mg101/ece337/Lab7
\o Extended color mode (TrueColor 32 0x4d) in use.
\o Loading customization file "/package/eda/cells/ncsu-cdk-1.5.1/local/cdssetup/cdsLibMgr.il"
\o Loading NCSU Library Manager customizations...done.
\o Warning: '/home/ecegrid/a/mg101/ece337/Lab7/cds.lib', Line 1: Cannot find file '/home/ecegrid/a/mg133/cds.lib'.
\o Warning: '/home/ecegrid/a/mg101/ece337/Lab7/cds.lib', Line 1: Skipping: '/home/ecegrid/a/mg133/cds.lib' 
\o Warning: The directory: '/home/ecegrid/a/mg101/ece337/My_Layout' does not exist
\o 	but was defined in libFile '/home/ecegrid/a/mg101/ece337/Lab7/cds.lib' for Lib 'My_Layout'.
\o Log file is "/home/ecegrid/a/mg101/ece337/Lab7/libManager.log".
Opening libManager window.
No main selection
\o Library Manager customization server connected.
MPS service: map window
Invoking command (cdkCreateNewLib).
\o Warning: '/home/ecegrid/a/mg101/ece337/Lab7/cds.lib', Line 1: Cannot find file '/home/ecegrid/a/mg133/cds.lib'.
\o Warning: '/home/ecegrid/a/mg101/ece337/Lab7/cds.lib', Line 1: Skipping: '/home/ecegrid/a/mg133/cds.lib' 
MPS request: update library list
\o Warning: '/home/ecegrid/a/mg101/ece337/Lab7/cds.lib', Line 1: Cannot find file '/home/ecegrid/a/mg133/cds.lib'.
\o Warning: '/home/ecegrid/a/mg101/ece337/Lab7/cds.lib', Line 1: Skipping: '/home/ecegrid/a/mg133/cds.lib' 
\o Warning: LIB My_Layout from File /home/ecegrid/a/mg101/ece337/Lab7/cds.lib Line 3 redefines
\o LIB My_Layout from the same file (defined earlier.)
MPS request: update library list
\o Warning: '/home/ecegrid/a/mg101/ece337/Lab7/cds.lib', Line 1: Cannot find file '/home/ecegrid/a/mg133/cds.lib'.
\o Warning: '/home/ecegrid/a/mg101/ece337/Lab7/cds.lib', Line 1: Skipping: '/home/ecegrid/a/mg133/cds.lib' 
\o Warning: LIB My_Layout from File /home/ecegrid/a/mg101/ece337/Lab7/cds.lib Line 3 redefines
\o LIB My_Layout from the same file (defined earlier.)
MPS request: update library list
\o Warning: '/home/ecegrid/a/mg101/ece337/Lab7/cds.lib', Line 1: Cannot find file '/home/ecegrid/a/mg133/cds.lib'.
\o Warning: '/home/ecegrid/a/mg101/ece337/Lab7/cds.lib', Line 1: Skipping: '/home/ecegrid/a/mg133/cds.lib' 
\o Warning: LIB My_Layout from File /home/ecegrid/a/mg101/ece337/Lab7/cds.lib Line 3 redefines
\o LIB My_Layout from the same file (defined earlier.)
MPS request: update library list
\o Warning: '/home/ecegrid/a/mg101/ece337/Lab7/cds.lib', Line 1: Cannot find file '/home/ecegrid/a/mg133/cds.lib'.
\o Warning: '/home/ecegrid/a/mg101/ece337/Lab7/cds.lib', Line 1: Skipping: '/home/ecegrid/a/mg133/cds.lib' 
\o Warning: LIB My_Layout from File /home/ecegrid/a/mg101/ece337/Lab7/cds.lib Line 3 redefines
\o LIB My_Layout from the same file (defined earlier.)
\o Setting `Show Categories' to the on state.
\o Setting `Show Categories' to the off state.
\o Warning: '/home/ecegrid/a/mg101/ece337/Lab7/cds.lib', Line 1: Cannot find file '/home/ecegrid/a/mg133/cds.lib'.
\o Warning: '/home/ecegrid/a/mg101/ece337/Lab7/cds.lib', Line 1: Skipping: '/home/ecegrid/a/mg133/cds.lib' 
\o Warning: LIB My_Layout from File /home/ecegrid/a/mg101/ece337/Lab7/cds.lib Line 3 redefines
\o LIB My_Layout from the same file (defined earlier.)
MPS request: update library list
MPS service: map window
Main selection: My_Layout lab7_layout_design layout
\o Opening design file through session server.
MPS request: edit design
\o libManager is exiting.
